<?xml version="1.0" encoding="UTF-8"?>
<!-- Generated by org.testng.reporters.JUnitXMLReporter -->
<testsuite hostname="Kalyanz" ignored="0" name="Test" tests="3" failures="0" timestamp="24 Mar 2022 02:13:03 GMT" time="20.126" errors="0">
  <testcase name="launchBrowser" time="11.486" classname="seleniumpracticing.launch"/>
  <testcase name="afirsttestcase" time="8.593" classname="seleniumpracticing.launch"/>
  <testcase name="testcase1" time="0.001" classname="seleniumpracticing.login"/>
</testsuite> <!-- Test -->
